  Prototype.cpp
C:\Users\B3noi\source\repos\Prototype\Prototype\Prototype.cpp(33,46): error C2664:  'void std::vector<Factory,std::allocator<_Ty>>::push_back(_Ty &&)' : impossible de convertir l'argument 1 de 'Robot *' en 'const _Ty &'
C:\Users\B3noi\source\repos\Prototype\Prototype\Prototype.cpp(33,46): error C2664:         with
C:\Users\B3noi\source\repos\Prototype\Prototype\Prototype.cpp(33,46): error C2664:         [
C:\Users\B3noi\source\repos\Prototype\Prototype\Prototype.cpp(33,46): error C2664:             _Ty=Factory
C:\Users\B3noi\source\repos\Prototype\Prototype\Prototype.cpp(33,46): error C2664:         ]
C:\Users\B3noi\source\repos\Prototype\Prototype\Prototype.cpp(33,46): message :  Raison : impossible de convertir de 'Robot *' en 'const _Ty'
C:\Users\B3noi\source\repos\Prototype\Prototype\Prototype.cpp(33,46): message :         with
C:\Users\B3noi\source\repos\Prototype\Prototype\Prototype.cpp(33,46): message :         [
C:\Users\B3noi\source\repos\Prototype\Prototype\Prototype.cpp(33,46): message :             _Ty=Factory
C:\Users\B3noi\source\repos\Prototype\Prototype\Prototype.cpp(33,46): message :         ]
C:\Users\B3noi\source\repos\Prototype\Prototype\Prototype.cpp(33,46): message :  Aucun constructeur n'a pu prendre le type de source, ou la résolution de la surcharge du constructeur était ambiguë
C:\Users\B3noi\source\repos\Prototype\Prototype\Prototype.cpp(36,20): warning C4018:  '<' : incompatibilité signed/unsigned
C:\Users\B3noi\source\repos\Prototype\Prototype\Prototype.cpp(37,11): error C2819:  le type 'Factory' n'a pas d'opérateur 'operator ->' de membre surchargé
C:\Users\B3noi\source\repos\Prototype\Prototype\Prototype.cpp(16): message :  voir la déclaration de 'Factory'
C:\Users\B3noi\source\repos\Prototype\Prototype\Prototype.cpp(37,11): message :  voulez-vous utiliser '.' à la place ?
C:\Users\B3noi\source\repos\Prototype\Prototype\Prototype.cpp(37,23): error C2039:  'activation' : n'est pas membre de 'Factory'
C:\Users\B3noi\source\repos\Prototype\Prototype\Prototype.cpp(16): message :  voir la déclaration de 'Factory'
C:\Users\B3noi\source\repos\Prototype\Prototype\Prototype.cpp(38,20): warning C4018:  '<' : incompatibilité signed/unsigned
C:\Users\B3noi\source\repos\Prototype\Prototype\Prototype.cpp(39,18): error C2440:  'delete' : impossible de convertir de '_Ty' en 'void*'
C:\Users\B3noi\source\repos\Prototype\Prototype\Prototype.cpp(39,18): error C2440:         with
C:\Users\B3noi\source\repos\Prototype\Prototype\Prototype.cpp(39,18): error C2440:         [
C:\Users\B3noi\source\repos\Prototype\Prototype\Prototype.cpp(39,18): error C2440:             _Ty=Factory
C:\Users\B3noi\source\repos\Prototype\Prototype\Prototype.cpp(39,18): error C2440:         ]
C:\Users\B3noi\source\repos\Prototype\Prototype\Prototype.cpp(39,17): message :  Aucun opérateur de conversion définie par l'utilisateur disponible qui puisse effectuer cette conversion, ou l'opérateur ne peut pas être appelé
